\BOOKMARK [1][-]{section.1}{\376\377\133\236\232\214\166\356\166\204}{}% 1
\BOOKMARK [1][-]{section.2}{\376\377\133\236\232\214\123\237\164\006}{}% 2
\BOOKMARK [2][-]{subsection.2.1}{\376\377\000N\000T\000T\000\040\225\356\230\230\143\317\217\360}{section.2}% 3
\BOOKMARK [2][-]{subsection.2.2}{\376\377\152\041\145\160\116\016\123\237\150\071\220\011\142\351}{section.2}% 4
\BOOKMARK [2][-]{subsection.2.3}{\376\377\207\166\137\142\123\330\143\142}{section.2}% 5
\BOOKMARK [2][-]{subsection.2.4}{\376\377\124\021\221\317\123\026\123\326\152\041}{section.2}% 6
\BOOKMARK [1][-]{section.3}{\376\377\133\236\232\214\136\163\123\360\116\016\133\236\232\214\145\271\150\110}{}% 7
\BOOKMARK [2][-]{subsection.3.1}{\376\377\133\236\232\214\136\163\123\360}{section.3}% 8
\BOOKMARK [2][-]{subsection.3.2}{\376\377\155\113\213\325\145\160\143\156\213\276\213\241}{section.3}% 9
\BOOKMARK [2][-]{subsection.3.3}{\376\377\155\113\213\325\211\304\152\041\213\276\213\241}{section.3}% 10
\BOOKMARK [2][-]{subsection.3.4}{\376\377\213\241\145\366\145\271\154\325}{section.3}% 11
\BOOKMARK [1][-]{section.4}{\376\377\173\227\154\325\213\276\213\241\116\016\116\343\170\001\133\236\163\260}{}% 12
\BOOKMARK [2][-]{subsection.4.1}{\376\377\173\227\154\325\140\035\215\357\213\364\146\016}{section.4}% 13
\BOOKMARK [2][-]{subsection.4.2}{\376\377\150\070\137\303\116\343\170\001}{section.4}% 14
\BOOKMARK [2][-]{subsection.4.3}{\376\377\117\052\116\343\170\001\143\317\217\360}{section.4}% 15
\BOOKMARK [1][-]{section.5}{\376\377\133\236\232\214\176\323\147\234}{}% 16
\BOOKMARK [2][-]{subsection.5.1}{\376\377\000s\000s\000h\136\163\123\360\153\143\170\156\140\047\232\214\213\301}{section.5}% 17
\BOOKMARK [1][-]{section.6}{\376\377\154\107\177\026\116\343\170\001\122\006\147\220}{}% 18
\BOOKMARK [1][-]{section.7}{\376\377\000V\000T\000u\000n\000e\000\040\140\047\200\375\122\126\147\220}{}% 19
\BOOKMARK [1][-]{section.8}{\376\377\133\236\232\214\217\307\172\013\116\055\220\107\122\060\166\204\225\356\230\230\116\016\211\343\121\263\145\271\154\325}{}% 20
\BOOKMARK [2][-]{subsection.8.1}{\376\377\166\364\143\245\117\177\165\050\131\047\152\041\145\160\133\374\201\364\155\156\160\271\123\326\152\041\230\316\226\151}{section.8}% 21
\BOOKMARK [2][-]{subsection.8.2}{\376\377\145\313\217\154\126\340\133\120\165\037\142\020\116\315\147\011\116\062\210\114\137\000\225\000}{section.8}% 22
\BOOKMARK [2][-]{subsection.8.3}{\376\377\117\115\220\006\136\217\177\156\143\142\116\015\220\002\124\010\173\200\123\125\124\021\221\317\123\026}{section.8}% 23
\BOOKMARK [1][-]{section.9}{\376\377\176\323\213\272}{}% 24
