\BOOKMARK [1][-]{section.1}{\376\377\133\236\232\214\166\356\166\204}{}% 1
\BOOKMARK [1][-]{section.2}{\376\377\133\236\232\214\123\237\164\006}{}% 2
\BOOKMARK [2][-]{subsection.2.1}{\376\377\225\356\230\230\143\317\217\360}{section.2}% 3
\BOOKMARK [2][-]{subsection.2.2}{\376\377\136\163\121\341\224\376\137\017\175\057\122\240\173\227\154\325}{section.2}% 4
\BOOKMARK [2][-]{subsection.2.3}{\376\377\116\044\215\357\224\376\137\017\175\057\122\240\116\016\143\007\116\344\176\247\136\166\210\114}{section.2}% 5
\BOOKMARK [2][-]{subsection.2.4}{\376\377\150\021\137\142\137\122\176\246\173\227\154\325}{section.2}% 6
\BOOKMARK [2][-]{subsection.2.5}{\376\377\136\166\210\114\150\021\137\142\137\122\176\246}{section.2}% 7
\BOOKMARK [1][-]{section.3}{\376\377\133\236\232\214\136\163\123\360\116\016\133\236\232\214\145\271\150\110}{}% 8
\BOOKMARK [2][-]{subsection.3.1}{\376\377\133\236\232\214\136\163\123\360}{section.3}% 9
\BOOKMARK [2][-]{subsection.3.2}{\376\377\155\113\213\325\145\160\143\156\213\276\213\241}{section.3}% 10
\BOOKMARK [2][-]{subsection.3.3}{\376\377\155\113\213\325\211\304\152\041\213\276\213\241}{section.3}% 11
\BOOKMARK [2][-]{subsection.3.4}{\376\377\213\241\145\366\145\271\154\325}{section.3}% 12
\BOOKMARK [1][-]{section.4}{\376\377\173\227\154\325\213\276\213\241\116\016\116\343\170\001\133\236\163\260}{}% 13
\BOOKMARK [2][-]{subsection.4.1}{\376\377\173\227\154\325\140\035\215\357\213\364\146\016}{section.4}% 14
\BOOKMARK [2][-]{subsection.4.2}{\376\377\150\070\137\303\116\343\170\001}{section.4}% 15
\BOOKMARK [2][-]{subsection.4.3}{\376\377\116\343\170\001\176\323\147\204\116\016\121\163\225\056\133\236\163\260\211\343\147\220}{section.4}% 16
\BOOKMARK [2][-]{subsection.4.4}{\376\377\117\052\116\343\170\001\143\317\217\360}{section.4}% 17
\BOOKMARK [1][-]{section.5}{\376\377\133\236\232\214\176\323\147\234}{}% 18
\BOOKMARK [1][-]{section.6}{\376\377\133\236\232\214\217\307\172\013\116\055\220\107\122\060\166\204\225\356\230\230\116\016\211\343\121\263\145\271\154\325}{}% 19
\BOOKMARK [2][-]{subsection.6.1}{\376\377\150\021\137\142\137\122\176\246\176\323\147\234\121\372\225\031}{section.6}% 20
\BOOKMARK [2][-]{subsection.6.2}{\376\377\133\371\040\034\117\030\123\026\040\035\151\202\137\365\166\204\164\006\211\343\120\117\135\356}{section.6}% 21
\BOOKMARK [1][-]{section.7}{\376\377\176\323\213\272}{}% 22
